[2023-02-28 11:27:21] [[31merror[39m] Error: Error test winston
    at D:\MD4\TH-SudungWintonTrongExpressJS\dist\index.js:15:15
    at Layer.handle [as handle_request] (D:\MD4\TH-SudungWintonTrongExpressJS\node_modules\express\lib\router\layer.js:95:5)
    at next (D:\MD4\TH-SudungWintonTrongExpressJS\node_modules\express\lib\router\route.js:144:13)
    at Route.dispatch (D:\MD4\TH-SudungWintonTrongExpressJS\node_modules\express\lib\router\route.js:114:3)
    at Layer.handle [as handle_request] (D:\MD4\TH-SudungWintonTrongExpressJS\node_modules\express\lib\router\layer.js:95:5)
    at D:\MD4\TH-SudungWintonTrongExpressJS\node_modules\express\lib\router\index.js:284:15
    at Function.process_params (D:\MD4\TH-SudungWintonTrongExpressJS\node_modules\express\lib\router\index.js:346:12)
    at next (D:\MD4\TH-SudungWintonTrongExpressJS\node_modules\express\lib\router\index.js:280:10)
    at jsonParser (D:\MD4\TH-SudungWintonTrongExpressJS\node_modules\body-parser\lib\types\json.js:113:7)
    at Layer.handle [as handle_request] (D:\MD4\TH-SudungWintonTrongExpressJS\node_modules\express\lib\router\layer.js:95:5)
[2023-02-28 11:36:07] [[31merror[39m] Error: Error test winston
    at D:\MD4\TH-SudungWintonTrongExpressJS\dist\index.js:15:15
    at Layer.handle [as handle_request] (D:\MD4\TH-SudungWintonTrongExpressJS\node_modules\express\lib\router\layer.js:95:5)
    at next (D:\MD4\TH-SudungWintonTrongExpressJS\node_modules\express\lib\router\route.js:144:13)
    at Route.dispatch (D:\MD4\TH-SudungWintonTrongExpressJS\node_modules\express\lib\router\route.js:114:3)
    at Layer.handle [as handle_request] (D:\MD4\TH-SudungWintonTrongExpressJS\node_modules\express\lib\router\layer.js:95:5)
    at D:\MD4\TH-SudungWintonTrongExpressJS\node_modules\express\lib\router\index.js:284:15
    at Function.process_params (D:\MD4\TH-SudungWintonTrongExpressJS\node_modules\express\lib\router\index.js:346:12)
    at next (D:\MD4\TH-SudungWintonTrongExpressJS\node_modules\express\lib\router\index.js:280:10)
    at jsonParser (D:\MD4\TH-SudungWintonTrongExpressJS\node_modules\body-parser\lib\types\json.js:113:7)
    at Layer.handle [as handle_request] (D:\MD4\TH-SudungWintonTrongExpressJS\node_modules\express\lib\router\layer.js:95:5)
